<?xml version="1.0" encoding="UTF-8"?>
<!-- Generated by org.testng.reporters.JUnitReportReporter -->
<testsuite skipped="0" hostname="DESKTOP-P81C98J" name="DDT.prog3" tests="1" failures="0" timestamp="2022-05-23T12:27:41 IST" time="0.120" errors="0">
  <testcase name="excelsheetdetails" time="0.120" classname="DDT.prog3"/>
  <system-out/>
</testsuite> <!-- DDT.prog3 -->
