<?xml version="1.0" encoding="UTF-8"?>
<!-- Generated by org.testng.reporters.JUnitReportReporter -->
<testsuite skipped="0" hostname="DESKTOP-P81C98J" name="Screenshot.prog5" tests="1" failures="0" timestamp="2022-05-06T12:12:01 IST" time="32.655" errors="0">
  <testcase name="takescreenshot" time="32.655" classname="Screenshot.prog5"/>
  <system-out/>
</testsuite> <!-- Screenshot.prog5 -->
