<?xml version="1.0" encoding="UTF-8"?>
<!-- Generated by org.testng.reporters.JUnitReportReporter -->
<testsuite skipped="0" hostname="DESKTOP-P81C98J" name="Screenshot.prog4" tests="1" failures="0" timestamp="2022-05-05T18:43:08 IST" time="20.970" errors="0">
  <testcase name="takescreenshot" time="20.970" classname="Screenshot.prog4"/>
  <system-out/>
</testsuite> <!-- Screenshot.prog4 -->
