<?xml version="1.0" encoding="UTF-8"?>
<!-- Generated by org.testng.reporters.JUnitReportReporter -->
<testsuite skipped="0" hostname="DESKTOP-P81C98J" name="DDT.prog7" tests="1" failures="0" timestamp="2022-05-26T11:38:12 IST" time="2.273" errors="0">
  <testcase name="test" time="2.273" classname="DDT.prog7"/>
  <system-out/>
</testsuite> <!-- DDT.prog7 -->
