<?xml version="1.0" encoding="UTF-8"?>
<!-- Generated by org.testng.reporters.JUnitReportReporter -->
<testsuite skipped="0" hostname="DESKTOP-P81C98J" name="Screenshot.prog3" tests="1" failures="0" timestamp="2022-05-05T18:37:56 IST" time="32.124" errors="0">
  <testcase name="takescreenshot" time="32.124" classname="Screenshot.prog3"/>
  <system-out/>
</testsuite> <!-- Screenshot.prog3 -->
