<?xml version="1.0" encoding="UTF-8"?>
<!-- Generated by org.testng.reporters.JUnitReportReporter -->
<testsuite skipped="0" hostname="DESKTOP-P81C98J" name="DDT.prog4" tests="1" failures="0" timestamp="2022-05-23T12:27:41 IST" time="0.174" errors="0">
  <testcase name="getsheetdetails" time="0.174" classname="DDT.prog4"/>
  <system-out/>
</testsuite> <!-- DDT.prog4 -->
