<?xml version="1.0" encoding="UTF-8"?>
<!-- Generated by org.testng.reporters.JUnitReportReporter -->
<testsuite skipped="0" hostname="DESKTOP-P81C98J" name="DDT.prog1" tests="3" failures="0" timestamp="2022-05-23T12:27:41 IST" time="0.325" errors="0">
  <testcase name="getcellcount" time="0.160" classname="DDT.prog1"/>
  <system-out/>
  <testcase name="getsheetcount" time="0.088" classname="DDT.prog1"/>
  <system-out/>
  <testcase name="getrowcount" time="0.077" classname="DDT.prog1"/>
  <system-out/>
</testsuite> <!-- DDT.prog1 -->
