<?xml version="1.0" encoding="UTF-8"?>
<!-- Generated by org.testng.reporters.JUnitReportReporter -->
<testsuite skipped="0" hostname="DESKTOP-P81C98J" name="WebPgeScripts.vtigerloginlogout" tests="2" failures="0" timestamp="2022-05-10T23:55:19 IST" time="3.669" errors="0">
  <testcase name="testlogoutfunctionality" time="1.571" classname="WebPgeScripts.vtigerloginlogout"/>
  <system-out/>
  <testcase name="testloginfunctionality" time="2.098" classname="WebPgeScripts.vtigerloginlogout"/>
  <system-out/>
</testsuite> <!-- WebPgeScripts.vtigerloginlogout -->
