<?xml version="1.0" encoding="UTF-8"?>
<!-- Generated by org.testng.reporters.JUnitReportReporter -->
<testsuite skipped="0" hostname="DESKTOP-P81C98J" name="DDT.prog5" tests="1" failures="0" timestamp="2022-05-23T12:27:41 IST" time="0.142" errors="0">
  <testcase name="excelreading" time="0.142" classname="DDT.prog5"/>
  <system-out/>
</testsuite> <!-- DDT.prog5 -->
