<?xml version="1.0" encoding="UTF-8"?>
<!-- Generated by org.testng.reporters.JUnitReportReporter -->
<testsuite skipped="0" hostname="DESKTOP-P81C98J" name="ExtentReoprt.ExtentreportwithsScreenshot" tests="1" failures="0" timestamp="2022-05-20T12:29:01 IST" time="17.554" errors="0">
  <testcase name="extentreportdemo" time="17.554" classname="ExtentReoprt.ExtentreportwithsScreenshot"/>
  <system-out/>
</testsuite> <!-- ExtentReoprt.ExtentreportwithsScreenshot -->
