<?xml version="1.0" encoding="UTF-8"?>
<!-- Generated by org.testng.reporters.JUnitReportReporter -->
<testsuite skipped="0" hostname="DESKTOP-P81C98J" name="DDT.GroupExamples" tests="3" failures="0" timestamp="2022-05-23T12:31:14 IST" time="0.032" errors="0">
  <testcase name="testCaseOne" time="0.004" classname="DDT.GroupExamples"/>
  <system-out/>
  <testcase name="testCaseFour" time="0.018" classname="DDT.GroupExamples"/>
  <system-out/>
  <testcase name="testCaseTwo" time="0.010" classname="DDT.GroupExamples"/>
  <system-out/>
</testsuite> <!-- DDT.GroupExamples -->
