<?xml version="1.0" encoding="UTF-8"?>
<!-- Generated by org.testng.reporters.JUnitReportReporter -->
<testsuite skipped="0" hostname="DESKTOP-P81C98J" name="Screenshot.prog2" tests="1" failures="0" timestamp="2022-05-05T18:31:44 IST" time="31.535" errors="0">
  <testcase name="takescreenshot" time="31.535" classname="Screenshot.prog2"/>
  <system-out/>
</testsuite> <!-- Screenshot.prog2 -->
