<?xml version="1.0" encoding="UTF-8"?>
<!-- Generated by org.testng.reporters.JUnitReportReporter -->
<testsuite skipped="0" hostname="DESKTOP-P81C98J" name="WebPgeScripts.VtigerloginScript1" tests="3" failures="0" timestamp="2022-05-24T15:46:58 IST" time="33.919" errors="0">
  <testcase name="loginfunctionality" time="12.884" classname="WebPgeScripts.VtigerloginScript1"/>
  <system-out/>
  <testcase name="homepagefuctionality" time="4.302" classname="WebPgeScripts.VtigerloginScript1"/>
  <system-out/>
  <testcase name="generateleads" time="16.733" classname="WebPgeScripts.VtigerloginScript1"/>
  <system-out/>
</testsuite> <!-- WebPgeScripts.VtigerloginScript1 -->
