<?xml version="1.0" encoding="UTF-8"?>
<!-- Generated by org.testng.reporters.JUnitReportReporter -->
<testsuite skipped="0" hostname="DESKTOP-P81C98J" name="Screenshot.prog1" tests="1" failures="0" timestamp="2022-05-05T18:21:43 IST" time="15.737" errors="0">
  <testcase name="takescreenshot" time="15.737" classname="Screenshot.prog1"/>
  <system-out/>
</testsuite> <!-- Screenshot.prog1 -->
